[[1;34mINFO[m] Scanning for projects...
[[1;34mINFO[m] 
[[1;34mINFO[m] [1m----------------------< [0;36mcom.mycompany.myapp:nodi[0;1m >----------------------[m
[[1;34mINFO[m] [1mBuilding Nodi 0.0.1-SNAPSHOT[m
[[1;34mINFO[m] [1m--------------------------------[ jar ]---------------------------------[m
[[1;34mINFO[m] 
[[1;34mINFO[m] [1m--- [0;32mmaven-clean-plugin:3.2.0:clean[m [1m(default-clean)[m @ [36mnodi[0;1m ---[m
[[1;34mINFO[m] Deleting /home/sim/Desktop/ALL/RELEASE-7.3.0-TESTING/tk2/new-area/tk2/microservices/nodi/target
[[1;34mINFO[m] 
[[1;34mINFO[m] [1m--- [0;32mmaven-resources-plugin:3.3.0:copy-resources[m [1m(default-resources)[m @ [36mnodi[0;1m ---[m
[[1;34mINFO[m] Copying 4 resources
[[1;34mINFO[m] Copying 14 resources
[[1;34mINFO[m] 
[[1;34mINFO[m] [1m--- [0;32mmaven-resources-plugin:3.3.0:resources[m [1m(default-resources)[m @ [36mnodi[0;1m ---[m
[[1;34mINFO[m] Copying 4 resources
[[1;34mINFO[m] Copying 14 resources
[[1;34mINFO[m] 
[[1;34mINFO[m] [1m--- [0;32mmaven-enforcer-plugin:3.1.0:enforce[m [1m(enforce-versions)[m @ [36mnodi[0;1m ---[m
[[1;34mINFO[m] 
[[1;34mINFO[m] [1m--- [0;32mmaven-enforcer-plugin:3.1.0:enforce[m [1m(enforce-dependencyConvergence)[m @ [36mnodi[0;1m ---[m
[[1;33mWARNING[m] 
Dependency convergence error for org.checkerframework:checker-qual:jar:3.22.0:compile paths to dependency are:
+-com.mycompany.myapp:nodi:jar:0.0.1-SNAPSHOT
  +-com.github.ben-manes.caffeine:caffeine:jar:3.1.1:compile
    +-org.checkerframework:checker-qual:jar:3.22.0:compile
and
+-com.mycompany.myapp:nodi:jar:0.0.1-SNAPSHOT
  +-org.postgresql:postgresql:jar:42.3.6:compile
    +-org.checkerframework:checker-qual:jar:3.5.0:runtime

[[1;33mWARNING[m] 
Dependency convergence error for com.github.ben-manes.caffeine:caffeine:jar:3.1.1:compile paths to dependency are:
+-com.mycompany.myapp:nodi:jar:0.0.1-SNAPSHOT
  +-com.github.ben-manes.caffeine:caffeine:jar:3.1.1:compile
and
+-com.mycompany.myapp:nodi:jar:0.0.1-SNAPSHOT
  +-com.github.ben-manes.caffeine:jcache:jar:3.1.1:compile
    +-com.github.ben-manes.caffeine:caffeine:jar:2.9.3:compile

[[1;33mWARNING[m] 
Dependency convergence error for io.github.classgraph:classgraph:jar:4.8.149:compile paths to dependency are:
+-com.mycompany.myapp:nodi:jar:0.0.1-SNAPSHOT
  +-org.springdoc:springdoc-openapi-ui:jar:1.6.15:compile
    +-io.github.classgraph:classgraph:jar:4.8.149:compile
and
+-com.mycompany.myapp:nodi:jar:0.0.1-SNAPSHOT
  +-com.kjetland:mbknor-jackson-jsonschema_2.12:jar:1.0.34:compile
    +-io.github.classgraph:classgraph:jar:4.8.21:compile

[[1;33mWARNING[m] 
Dependency convergence error for org.apiguardian:apiguardian-api:jar:1.1.2:compile paths to dependency are:
+-com.mycompany.myapp:nodi:jar:0.0.1-SNAPSHOT
  +-org.zalando:problem-spring-web:jar:0.27.0:compile
    +-org.zalando:problem-violations:jar:0.27.0:compile
      +-org.apiguardian:apiguardian-api:jar:1.1.2:compile
and
+-com.mycompany.myapp:nodi:jar:0.0.1-SNAPSHOT
  +-org.zalando:problem-spring-web:jar:0.27.0:compile
    +-org.zalando:problem-spring-common:jar:0.27.0:compile
      +-org.apiguardian:apiguardian-api:jar:1.1.2:compile
and
+-com.mycompany.myapp:nodi:jar:0.0.1-SNAPSHOT
  +-org.zalando:problem-spring-web:jar:0.27.0:compile
    +-org.apiguardian:apiguardian-api:jar:1.1.2:compile
and
+-com.mycompany.myapp:nodi:jar:0.0.1-SNAPSHOT
  +-org.zalando:problem-spring-web:jar:0.27.0:compile
    +-org.zalando:faux-pas:jar:0.9.0:compile
      +-org.apiguardian:apiguardian-api:jar:1.1.1:compile

[[1;33mWARNING[m] Rule 0: org.apache.maven.plugins.enforcer.DependencyConvergence failed with message:
Failed while enforcing releasability. See above detailed error message.
[[1;34mINFO[m] 
[[1;34mINFO[m] [1m--- [0;32mjacoco-maven-plugin:0.8.8:prepare-agent[m [1m(pre-unit-tests)[m @ [36mnodi[0;1m ---[m
[[1;34mINFO[m] argLine set to -javaagent:/home/sim/.m2/repository/org/jacoco/org.jacoco.agent/0.8.8/org.jacoco.agent-0.8.8-runtime.jar=destfile=/home/sim/Desktop/ALL/RELEASE-7.3.0-TESTING/tk2/new-area/tk2/microservices/nodi/target/jacoco.exec -Djava.security.egd=file:/dev/./urandom -Xmx1G
[[1;34mINFO[m] 
[[1;34mINFO[m] [1m--- [0;32mproperties-maven-plugin:1.1.0:read-project-properties[m [1m(default)[m @ [36mnodi[0;1m ---[m
[[1;34mINFO[m] 
[[1;34mINFO[m] [1m--- [0;32mgit-commit-id-maven-plugin:5.0.0:revision[m [1m(default)[m @ [36mnodi[0;1m ---[m
[[1;34mINFO[m] 
[[1;34mINFO[m] [1m--- [0;32mspring-boot-maven-plugin:2.7.3:build-info[m [1m(default)[m @ [36mnodi[0;1m ---[m
[[1;34mINFO[m] 
[[1;34mINFO[m] [1m--- [0;32mmaven-compiler-plugin:3.10.1:compile[m [1m(default-compile)[m @ [36mnodi[0;1m ---[m
[[1;34mINFO[m] Changes detected - recompiling the module!
[[1;34mINFO[m] Compiling 48 source files to /home/sim/Desktop/ALL/RELEASE-7.3.0-TESTING/tk2/new-area/tk2/microservices/nodi/target/classes
[[1;34mINFO[m] 
[[1;34mINFO[m] [1m--- [0;32mmaven-resources-plugin:3.3.0:testResources[m [1m(default-testResources)[m @ [36mnodi[0;1m ---[m
[[1;34mINFO[m] Copying 7 resources
[[1;34mINFO[m] 
[[1;34mINFO[m] [1m--- [0;32mmaven-compiler-plugin:3.10.1:testCompile[m [1m(default-testCompile)[m @ [36mnodi[0;1m ---[m
[[1;34mINFO[m] Changes detected - recompiling the module!
[[1;34mINFO[m] Compiling 23 source files to /home/sim/Desktop/ALL/RELEASE-7.3.0-TESTING/tk2/new-area/tk2/microservices/nodi/target/test-classes
[[1;34mINFO[m] /home/sim/Desktop/ALL/RELEASE-7.3.0-TESTING/tk2/new-area/tk2/microservices/nodi/src/test/java/com/mycompany/myapp/security/oauth2/AuthorizationHeaderUtilTest.java: /home/sim/Desktop/ALL/RELEASE-7.3.0-TESTING/tk2/new-area/tk2/microservices/nodi/src/test/java/com/mycompany/myapp/security/oauth2/AuthorizationHeaderUtilTest.java uses or overrides a deprecated API.
[[1;34mINFO[m] /home/sim/Desktop/ALL/RELEASE-7.3.0-TESTING/tk2/new-area/tk2/microservices/nodi/src/test/java/com/mycompany/myapp/security/oauth2/AuthorizationHeaderUtilTest.java: Recompile with -Xlint:deprecation for details.
[[1;34mINFO[m] /home/sim/Desktop/ALL/RELEASE-7.3.0-TESTING/tk2/new-area/tk2/microservices/nodi/src/test/java/com/mycompany/myapp/config/TestContainersSpringContextCustomizerFactory.java: /home/sim/Desktop/ALL/RELEASE-7.3.0-TESTING/tk2/new-area/tk2/microservices/nodi/src/test/java/com/mycompany/myapp/config/TestContainersSpringContextCustomizerFactory.java uses unchecked or unsafe operations.
[[1;34mINFO[m] /home/sim/Desktop/ALL/RELEASE-7.3.0-TESTING/tk2/new-area/tk2/microservices/nodi/src/test/java/com/mycompany/myapp/config/TestContainersSpringContextCustomizerFactory.java: Recompile with -Xlint:unchecked for details.
[[1;34mINFO[m] 
[[1;34mINFO[m] [1m--- [0;32mmaven-surefire-plugin:3.0.0-M7:test[m [1m(default-test)[m @ [36mnodi[0;1m ---[m
[[1;34mINFO[m] Tests are skipped.
[[1;34mINFO[m] 
[[1;34mINFO[m] [1m--- [0;32mjacoco-maven-plugin:0.8.8:report[m [1m(post-unit-test)[m @ [36mnodi[0;1m ---[m
[[1;34mINFO[m] Skipping JaCoCo execution due to missing execution data file.
[[1;34mINFO[m] 
[[1;34mINFO[m] [1m--- [0;32mmaven-jar-plugin:3.2.2:jar[m [1m(default-jar)[m @ [36mnodi[0;1m ---[m
[[1;34mINFO[m] Building jar: /home/sim/Desktop/ALL/RELEASE-7.3.0-TESTING/tk2/new-area/tk2/microservices/nodi/target/nodi-0.0.1-SNAPSHOT.jar
[[1;34mINFO[m] 
[[1;34mINFO[m] [1m--- [0;32mspring-boot-maven-plugin:2.7.3:repackage[m [1m(default)[m @ [36mnodi[0;1m ---[m
[[1;34mINFO[m] Replacing main artifact with repackaged archive
[[1;34mINFO[m] 
[[1;34mINFO[m] [1m--- [0;32mmodernizer-maven-plugin:2.4.0:modernizer[m [1m(modernizer)[m @ [36mnodi[0;1m ---[m
[[1;34mINFO[m] [1m------------------------------------------------------------------------[m
[[1;34mINFO[m] [1;32mBUILD SUCCESS[m
[[1;34mINFO[m] [1m------------------------------------------------------------------------[m
[[1;34mINFO[m] Total time:  8.713 s
[[1;34mINFO[m] Finished at: 2024-03-27T12:17:02+01:00
[[1;34mINFO[m] [1m------------------------------------------------------------------------[m
#0 building with "default" instance using docker driver

#1 [internal] load build definition from Dockerfile
#1 transferring dockerfile: 159B done
#1 DONE 0.0s

#2 [internal] load metadata for docker.io/library/openjdk:11
#2 ...

#3 [auth] library/openjdk:pull token for registry-1.docker.io
#3 DONE 0.0s

#2 [internal] load metadata for docker.io/library/openjdk:11
#2 DONE 1.1s

#4 [internal] load .dockerignore
#4 transferring context: 2B done
#4 DONE 0.0s

#5 [1/3] FROM docker.io/library/openjdk:11@sha256:99bac5bf83633e3c7399aed725c8415e7b569b54e03e4599e580fc9cdb7c21ab
#5 DONE 0.0s

#6 [internal] load build context
#6 transferring context: 79.76MB 0.4s done
#6 DONE 0.4s

#7 [2/3] WORKDIR /app
#7 CACHED

#8 [3/3] COPY target/nodi-*-SNAPSHOT.jar /app/app.jar
#8 DONE 0.3s

#9 exporting to image
#9 exporting layers
#9 exporting layers 0.4s done
#9 writing image sha256:03ebd5f9051332b6b6705c53b31696789c985df7319f6a0d3561687ac416dcd2 done
#9 naming to docker.io/excess17/nodi:0.0.1-SNAPSHOT done
#9 DONE 0.4s
