
> nodi-form-widget@0.1.0 postinstall /home/sim/Desktop/ALL/RELEASE-7.3.0-TESTING/tk2/new-area/tk2/microfrontends/nodi-form
> npm run i18n


> nodi-form-widget@0.1.0 i18n /home/sim/Desktop/ALL/RELEASE-7.3.0-TESTING/tk2/new-area/tk2/microfrontends/nodi-form
> node ./node_modules/i18next-scanner/bin/cli.js --config ./scripts/i18next-scanner.config.js

npm WARN @date-io/date-fns@1.3.11 requires a peer of date-fns@2.1.0 but none is installed. You must install peer dependencies yourself.
npm WARN @typescript-eslint/eslint-plugin@1.13.0 requires a peer of eslint@^5.0.0 but none is installed. You must install peer dependencies yourself.
npm WARN @typescript-eslint/parser@1.13.0 requires a peer of eslint@^5.0.0 but none is installed. You must install peer dependencies yourself.
npm WARN eslint-config-react-app@5.0.2 requires a peer of @typescript-eslint/eslint-plugin@2.x but none is installed. You must install peer dependencies yourself.
npm WARN eslint-config-react-app@5.0.2 requires a peer of @typescript-eslint/parser@2.x but none is installed. You must install peer dependencies yourself.
npm WARN tsutils@3.17.1 requires a peer of typescript@>=2.8.0 || >= 3.2.0-dev || >= 3.3.0-dev || >= 3.4.0-dev || >= 3.5.0-dev || >= 3.6.0-dev || >= 3.6.0-beta || >= 3.7.0-dev || >= 3.7.0-beta but none is installed. You must install peer dependencies yourself.
npm WARN optional SKIPPING OPTIONAL DEPENDENCY: fsevents@2.3.2 (node_modules/watchpack/node_modules/fsevents):
npm WARN notsup SKIPPING OPTIONAL DEPENDENCY: Unsupported platform for fsevents@2.3.2: wanted {"os":"darwin","arch":"any"} (current: {"os":"linux","arch":"x64"})
npm WARN optional SKIPPING OPTIONAL DEPENDENCY: fsevents@1.2.9 (node_modules/jest-haste-map/node_modules/fsevents):
npm WARN notsup SKIPPING OPTIONAL DEPENDENCY: Unsupported platform for fsevents@1.2.9: wanted {"os":"darwin","arch":"any"} (current: {"os":"linux","arch":"x64"})
npm WARN optional SKIPPING OPTIONAL DEPENDENCY: fsevents@1.2.9 (node_modules/chokidar/node_modules/fsevents):
npm WARN notsup SKIPPING OPTIONAL DEPENDENCY: Unsupported platform for fsevents@1.2.9: wanted {"os":"darwin","arch":"any"} (current: {"os":"linux","arch":"x64"})
npm WARN optional SKIPPING OPTIONAL DEPENDENCY: fsevents@2.0.7 (node_modules/fsevents):
npm WARN notsup SKIPPING OPTIONAL DEPENDENCY: Unsupported platform for fsevents@2.0.7: wanted {"os":"darwin","arch":"any"} (current: {"os":"linux","arch":"x64"})

audited 2131 packages in 12.081s

42 packages are looking for funding
  run `npm fund` for details

found 568 vulnerabilities (36 low, 181 moderate, 271 high, 80 critical)
  run `npm audit fix` to fix them, or `npm audit` for details

> nodi-form-widget@0.1.0 build /home/sim/Desktop/ALL/RELEASE-7.3.0-TESTING/tk2/new-area/tk2/microfrontends/nodi-form
> react-scripts build

Creating an optimized production build...
Compiled successfully.

File sizes after gzip:

  129.89 KB  build/static/js/2.34f6946a.chunk.js
  5.6 KB     build/static/js/main.08103716.chunk.js
  783 B      build/static/js/runtime~main.53ea2003.js

The project was built assuming it is hosted at the server root.
You can control this with the homepage field in your package.json.
For example, add this to build it for GitHub Pages:

  "homepage" : "http://myname.github.io/myapp",

The build folder is ready to be deployed.
You may serve it with a static server:

  npm install -g serve
  serve -s build

Find out more about deployment here:

  https://bit.ly/CRA-deploy

