
> nodi-table-widget@0.1.0 postinstall /home/sim/Desktop/ALL/RELEASE-7.3.0-TESTING/tk2/new-area/tk2/microfrontends/nodi-table
> npm run i18n


> nodi-table-widget@0.1.0 i18n /home/sim/Desktop/ALL/RELEASE-7.3.0-TESTING/tk2/new-area/tk2/microfrontends/nodi-table
> node ./node_modules/i18next-scanner/bin/cli.js --config ./scripts/i18next-scanner.config.js

npm WARN @babel/plugin-bugfix-v8-spread-parameters-in-optional-chaining@7.13.12 requires a peer of @babel/core@^7.13.0 but none is installed. You must install peer dependencies yourself.
npm WARN @babel/plugin-proposal-class-static-block@7.14.3 requires a peer of @babel/core@^7.12.0 but none is installed. You must install peer dependencies yourself.
npm WARN @typescript-eslint/eslint-plugin@1.13.0 requires a peer of eslint@^5.0.0 but none is installed. You must install peer dependencies yourself.
npm WARN @typescript-eslint/parser@1.13.0 requires a peer of eslint@^5.0.0 but none is installed. You must install peer dependencies yourself.
npm WARN eslint-config-airbnb@18.2.1 requires a peer of eslint-plugin-import@^2.22.1 but none is installed. You must install peer dependencies yourself.
npm WARN eslint-config-airbnb@18.2.1 requires a peer of eslint-plugin-jsx-a11y@^6.4.1 but none is installed. You must install peer dependencies yourself.
npm WARN eslint-config-airbnb@18.2.1 requires a peer of eslint-plugin-react@^7.21.5 but none is installed. You must install peer dependencies yourself.
npm WARN eslint-config-airbnb-base@14.2.1 requires a peer of eslint-plugin-import@^2.22.1 but none is installed. You must install peer dependencies yourself.
npm WARN eslint-config-react-app@5.2.1 requires a peer of @typescript-eslint/eslint-plugin@2.x but none is installed. You must install peer dependencies yourself.
npm WARN eslint-config-react-app@5.2.1 requires a peer of @typescript-eslint/parser@2.x but none is installed. You must install peer dependencies yourself.
npm WARN tsutils@3.21.0 requires a peer of typescript@>=2.8.0 || >= 3.2.0-dev || >= 3.3.0-dev || >= 3.4.0-dev || >= 3.5.0-dev || >= 3.6.0-dev || >= 3.6.0-beta || >= 3.7.0-dev || >= 3.7.0-beta but none is installed. You must install peer dependencies yourself.
npm WARN optional SKIPPING OPTIONAL DEPENDENCY: fsevents@1.2.13 (node_modules/chokidar/node_modules/fsevents):
npm WARN notsup SKIPPING OPTIONAL DEPENDENCY: Unsupported platform for fsevents@1.2.13: wanted {"os":"darwin","arch":"any"} (current: {"os":"linux","arch":"x64"})
npm WARN optional SKIPPING OPTIONAL DEPENDENCY: fsevents@2.0.7 (node_modules/fsevents):
npm WARN notsup SKIPPING OPTIONAL DEPENDENCY: Unsupported platform for fsevents@2.0.7: wanted {"os":"darwin","arch":"any"} (current: {"os":"linux","arch":"x64"})
npm WARN optional SKIPPING OPTIONAL DEPENDENCY: fsevents@1.2.13 (node_modules/jest-haste-map/node_modules/fsevents):
npm WARN notsup SKIPPING OPTIONAL DEPENDENCY: Unsupported platform for fsevents@1.2.13: wanted {"os":"darwin","arch":"any"} (current: {"os":"linux","arch":"x64"})
npm WARN optional SKIPPING OPTIONAL DEPENDENCY: fsevents@2.3.2 (node_modules/watchpack/node_modules/fsevents):
npm WARN notsup SKIPPING OPTIONAL DEPENDENCY: Unsupported platform for fsevents@2.3.2: wanted {"os":"darwin","arch":"any"} (current: {"os":"linux","arch":"x64"})

audited 2230 packages in 10.49s

97 packages are looking for funding
  run `npm fund` for details

found 326 vulnerabilities (5 low, 140 moderate, 141 high, 40 critical)
  run `npm audit fix` to fix them, or `npm audit` for details

> nodi-table-widget@0.1.0 build /home/sim/Desktop/ALL/RELEASE-7.3.0-TESTING/tk2/new-area/tk2/microfrontends/nodi-table
> react-scripts build

Creating an optimized production build...
Compiled successfully.

File sizes after gzip:

  110.89 KB  build/static/js/2.fb78a864.chunk.js
  7.61 KB    build/static/js/main.550a216c.chunk.js
  786 B      build/static/js/runtime~main.03528955.js

The project was built assuming it is hosted at the server root.
You can control this with the homepage field in your package.json.
For example, add this to build it for GitHub Pages:

  "homepage" : "http://myname.github.io/myapp",

The build folder is ready to be deployed.
You may serve it with a static server:

  npm install -g serve
  serve -s build

Find out more about deployment here:

  https://bit.ly/CRA-deploy

